Environment variables:
  - =C:=C:\
  - =D:=D:\Karir\Kuliah\Semester 5\IMPAL 4 ( 3 Kamis KU.01.03.08 ) ( 1 Kamis IFLAB 5)\impal tubes\Impal
  - =ExitCode=00000000
  - ALLUSERSPROFILE=C:\ProgramData
  - APPDATA=C:\Users\naofal\AppData\Roaming
  - COMPUTERNAME=DESKTOP-NKDE9PE
  - ComSpec=C:\WINDOWS\system32\cmd.exe
  - CommonProgramFiles=C:\Program Files\Common Files
  - CommonProgramFiles(x86)=C:\Program Files (x86)\Common Files
  - CommonProgramW6432=C:\Program Files\Common Files
  - ERROR_CODE=0
  - FSHARPINSTALLDIR=C:\Program Files (x86)\Microsoft SDKs\F#\4.1\Framework\v4.0\
  - HOMEDRIVE=C:
  - HOMEPATH=\Users\naofal
  - JAVA_EXEC="C:\ProgramData\Oracle\Java\javapath\java.exe"
  - LOCALAPPDATA=C:\Users\naofal\AppData\Local
  - LOGONSERVER=\\DESKTOP-NKDE9PE
  - NUMBER_OF_PROCESSORS=4
  - OS=Windows_NT
  - OneDrive=C:\Users\naofal\OneDrive
  - PATHEXT=.COM;.EXE;.BAT;.CMD;.VBS;.VBE;.JS;.JSE;.WSF;.WSH;.MSC
  - PROCESSOR_ARCHITECTURE=AMD64
  - PROCESSOR_IDENTIFIER=Intel64 Family 6 Model 42 Stepping 7, GenuineIntel
  - PROCESSOR_LEVEL=6
  - PROCESSOR_REVISION=2a07
  - PROJECT_HOME=D:\Karir\Kuliah\Semester 5\IMPAL 4 ( 3 Kamis KU.01.03.08 ) ( 1 Kamis IFLAB 5)\impal tubes\Impal
  - PROMPT=$P$G
  - PSModulePath=C:\Program Files\WindowsPowerShell\Modules;C:\WINDOWS\system32\WindowsPowerShell\v1.0\Modules
  - PT6HOME=C:\Program Files (x86)\Cisco Packet Tracer 6.2iv
  - PUBLIC=C:\Users\Public
  - Path=C:\oraclexe\app\oracle\product\11.2.0\server\bin;C:\ProgramData\Oracle\Java\javapath;C:\WINDOWS\system32;C:\WINDOWS;C:\WINDOWS\System32\Wbem;C:\WINDOWS\System32\WindowsPowerShell\v1.0\;C:\Program Files (x86)\GtkSharp\2.12\bin;C:\Program Files\Git\cmd;C:\Program Files\Microsoft SQL Server\130\Tools\Binn\;C:\Program Files\dotnet\;D:\Karir\Kuliah\Semester 5\IMPAL 4 ( 3 Kamis KU.01.03.08 ) ( 1 Kamis IFLAB 5)\TubesImpal1\sonar-scanner-2.6.1\bin;D:\Karir\Kuliah\Semester 5\IMPAL 4 ( 3 Kamis KU.01.03.08 ) ( 1 Kamis IFLAB 5)\TubesImpal1\apache-maven-3.5.2-bin\apache-maven-3.5.2\bin;F:\Program files\Python\Scripts\;F:\Program files\Python\;C:\Users\naofal\AppData\Local\Microsoft\WindowsApps;C:\oraclexe\app\oracle\product\11.2.0\server\bin;C:\Program Files\Java\jdk1.8.0_60\bin;D:\Karir\Kuliah\Semester 5\IMPAL 4 ( 3 Kamis KU.01.03.08 ) ( 1 Kamis IFLAB 5)\TubesImpal1\sonar-scanner-3.0.3.778-windows\bin;
  - ProgramData=C:\ProgramData
  - ProgramFiles=C:\Program Files
  - ProgramFiles(x86)=C:\Program Files (x86)
  - ProgramW6432=C:\Program Files
  - SESSIONNAME=Console
  - SONAR_RUNNER_HOME=D:\Karir\Kuliah\Semester 5\IMPAL 4 ( 3 Kamis KU.01.03.08 ) ( 1 Kamis IFLAB 5)\TubesImpal1\sonar-scanner-2.6.1\bin\..
  - SystemDrive=C:
  - SystemRoot=C:\WINDOWS
  - TEMP=C:\Users\naofal\AppData\Local\Temp
  - TMP=C:\Users\naofal\AppData\Local\Temp
  - USERDOMAIN=DESKTOP-NKDE9PE
  - USERDOMAIN_ROAMINGPROFILE=DESKTOP-NKDE9PE
  - USERNAME=naofal
  - USERPROFILE=C:\Users\naofal
  - windir=C:\WINDOWS
System properties:
  - awt.toolkit=sun.awt.windows.WToolkit
  - file.encoding=Cp1252
  - file.encoding.pkg=sun.io
  - file.separator=\
  - java.awt.graphicsenv=sun.awt.Win32GraphicsEnvironment
  - java.awt.headless=true
  - java.awt.printerjob=sun.awt.windows.WPrinterJob
  - java.class.path=D:\Karir\Kuliah\Semester 5\IMPAL 4 ( 3 Kamis KU.01.03.08 ) ( 1 Kamis IFLAB 5)\TubesImpal1\sonar-scanner-2.6.1\bin\..\lib\sonar-scanner-cli-2.6.1.jar
  - java.class.version=52.0
  - java.endorsed.dirs=C:\Program Files\Java\jre1.8.0_60\lib\endorsed
  - java.ext.dirs=C:\Program Files\Java\jre1.8.0_60\lib\ext;C:\WINDOWS\Sun\Java\lib\ext
  - java.home=C:\Program Files\Java\jre1.8.0_60
  - java.io.tmpdir=C:\Users\naofal\AppData\Local\Temp\
  - java.library.path=C:\ProgramData\Oracle\Java\javapath;C:\WINDOWS\Sun\Java\bin;C:\WINDOWS\system32;C:\WINDOWS;C:\oraclexe\app\oracle\product\11.2.0\server\bin;C:\ProgramData\Oracle\Java\javapath;C:\WINDOWS\system32;C:\WINDOWS;C:\WINDOWS\System32\Wbem;C:\WINDOWS\System32\WindowsPowerShell\v1.0\;C:\Program Files (x86)\GtkSharp\2.12\bin;C:\Program Files\Git\cmd;C:\Program Files\Microsoft SQL Server\130\Tools\Binn\;C:\Program Files\dotnet\;D:\Karir\Kuliah\Semester 5\IMPAL 4 ( 3 Kamis KU.01.03.08 ) ( 1 Kamis IFLAB 5)\TubesImpal1\sonar-scanner-2.6.1\bin;D:\Karir\Kuliah\Semester 5\IMPAL 4 ( 3 Kamis KU.01.03.08 ) ( 1 Kamis IFLAB 5)\TubesImpal1\apache-maven-3.5.2-bin\apache-maven-3.5.2\bin;F:\Program files\Python\Scripts\;F:\Program files\Python\;C:\Users\naofal\AppData\Local\Microsoft\WindowsApps;C:\oraclexe\app\oracle\product\11.2.0\server\bin;C:\Program Files\Java\jdk1.8.0_60\bin;D:\Karir\Kuliah\Semester 5\IMPAL 4 ( 3 Kamis KU.01.03.08 ) ( 1 Kamis IFLAB 5)\TubesImpal1\sonar-scanner-3.0.3.778-windows\bin;;.
  - java.runtime.name=Java(TM) SE Runtime Environment
  - java.runtime.version=1.8.0_60-b27
  - java.specification.name=Java Platform API Specification
  - java.specification.vendor=Oracle Corporation
  - java.specification.version=1.8
  - java.vendor=Oracle Corporation
  - java.vendor.url=http://java.oracle.com/
  - java.vendor.url.bug=http://bugreport.sun.com/bugreport/
  - java.version=1.8.0_60
  - java.vm.info=mixed mode
  - java.vm.name=Java HotSpot(TM) 64-Bit Server VM
  - java.vm.specification.name=Java Virtual Machine Specification
  - java.vm.specification.vendor=Oracle Corporation
  - java.vm.specification.version=1.8
  - java.vm.vendor=Oracle Corporation
  - java.vm.version=25.60-b23
  - line.separator=

  - os.arch=amd64
  - os.name=Windows 10
  - os.version=10.0
  - path.separator=;
  - project.home=D:\Karir\Kuliah\Semester 5\IMPAL 4 ( 3 Kamis KU.01.03.08 ) ( 1 Kamis IFLAB 5)\impal tubes\Impal
  - scanner.home=D:\Karir\Kuliah\Semester 5\IMPAL 4 ( 3 Kamis KU.01.03.08 ) ( 1 Kamis IFLAB 5)\TubesImpal1\sonar-scanner-2.6.1\bin\..
  - sun.arch.data.model=64
  - sun.boot.class.path=C:\Program Files\Java\jre1.8.0_60\lib\resources.jar;C:\Program Files\Java\jre1.8.0_60\lib\rt.jar;C:\Program Files\Java\jre1.8.0_60\lib\sunrsasign.jar;C:\Program Files\Java\jre1.8.0_60\lib\jsse.jar;C:\Program Files\Java\jre1.8.0_60\lib\jce.jar;C:\Program Files\Java\jre1.8.0_60\lib\charsets.jar;C:\Program Files\Java\jre1.8.0_60\lib\jfr.jar;C:\Program Files\Java\jre1.8.0_60\classes
  - sun.boot.library.path=C:\Program Files\Java\jre1.8.0_60\bin
  - sun.cpu.endian=little
  - sun.cpu.isalist=amd64
  - sun.desktop=windows
  - sun.io.unicode.encoding=UnicodeLittle
  - sun.java.command=org.sonarsource.scanner.cli.Main -X
  - sun.java.launcher=SUN_STANDARD
  - sun.jnu.encoding=Cp1252
  - sun.management.compiler=HotSpot 64-Bit Tiered Compilers
  - sun.os.patch.level=
  - sun.stderr.encoding=cp437
  - sun.stdout.encoding=cp437
  - user.country=US
  - user.dir=D:\Karir\Kuliah\Semester 5\IMPAL 4 ( 3 Kamis KU.01.03.08 ) ( 1 Kamis IFLAB 5)\impal tubes\Impal
  - user.home=C:\Users\naofal
  - user.language=en
  - user.name=naofal
  - user.script=
  - user.timezone=Asia/Bangkok
  - user.variant=
SonarQube plugins:
  - SonarC# 6.5.0.3766 (csharp)
  - SonarPython 1.8.0.1496 (python)
  - SonarJava 4.15.0.12310 (java)
  - Flex 2.3 (flex)
  - SonarQube :: Plugins :: SCM :: Git 1.3.0.869 (scmgit)
  - SonarXML 1.4.3.1027 (xml)
  - SonarPHP 2.11.0.2485 (php)
  - SonarTS 1.1.0.1079 (typescript)
  - SonarQube :: Plugins :: SCM :: SVN 1.6.0.860 (scmsvn)
  - SonarJS 3.2.0.5506 (javascript)
Global properties:
  - sonar.core.id=AV-yrmUkmMzl8hBcaAV1
  - sonar.core.startTime=2017-11-13T07:01:32+0700
Settings for module: Impal
  - sonar.projectBaseDir=D:\Karir\Kuliah\Semester 5\IMPAL 4 ( 3 Kamis KU.01.03.08 ) ( 1 Kamis IFLAB 5)\impal tubes\Impal
  - sonar.projectKey=Impal
  - sonar.projectName=Impal
  - sonar.projectVersion=1.0
  - sonar.sourceEncoding=windows-1252
  - sonar.sources=D:/Karir/Kuliah/Semester 5/IMPAL 4 ( 3 Kamis KU.01.03.08 ) ( 1 Kamis IFLAB 5)/impal tubes/Impal/src/main/java/com/mycompany/impal
  - sonar.verbose=true
  - sonar.working.directory=D:\Karir\Kuliah\Semester 5\IMPAL 4 ( 3 Kamis KU.01.03.08 ) ( 1 Kamis IFLAB 5)\impal tubes\Impal\.sonar
